[14-May-2021 15:04:34 UTC] PHP Notice:  Array to string conversion in /home/forge/clientspot.co.uk/wp-content/plugins/health-check/includes/class-health-check-site-status.php on line 2014
[14-May-2021 15:04:34 UTC] PHP Notice:  Array to string conversion in /home/forge/clientspot.co.uk/wp-content/plugins/health-check/includes/class-health-check-site-status.php on line 2014
[14-May-2021 15:04:34 UTC] PHP Notice:  Array to string conversion in /home/forge/clientspot.co.uk/wp-content/plugins/health-check/includes/class-health-check-site-status.php on line 2014
[14-May-2021 15:04:34 UTC] PHP Notice:  Array to string conversion in /home/forge/clientspot.co.uk/wp-content/plugins/health-check/includes/class-health-check-site-status.php on line 2014
[14-May-2021 15:04:34 UTC] PHP Notice:  Array to string conversion in /home/forge/clientspot.co.uk/wp-content/plugins/health-check/includes/class-health-check-site-status.php on line 2014
[14-May-2021 15:04:34 UTC] PHP Notice:  Array to string conversion in /home/forge/clientspot.co.uk/wp-content/plugins/health-check/includes/class-health-check-site-status.php on line 2014
[14-May-2021 15:04:34 UTC] PHP Notice:  Array to string conversion in /home/forge/clientspot.co.uk/wp-content/plugins/health-check/includes/class-health-check-site-status.php on line 2014
[14-May-2021 15:04:34 UTC] PHP Notice:  Array to string conversion in /home/forge/clientspot.co.uk/wp-content/plugins/health-check/includes/class-health-check-site-status.php on line 2014
[14-May-2021 15:04:34 UTC] PHP Notice:  Array to string conversion in /home/forge/clientspot.co.uk/wp-content/plugins/health-check/includes/class-health-check-site-status.php on line 2014
[14-May-2021 15:04:34 UTC] PHP Notice:  Array to string conversion in /home/forge/clientspot.co.uk/wp-content/plugins/health-check/includes/class-health-check-site-status.php on line 2014
[14-May-2021 15:04:34 UTC] PHP Notice:  Array to string conversion in /home/forge/clientspot.co.uk/wp-content/plugins/health-check/includes/class-health-check-site-status.php on line 2014
[14-May-2021 15:04:34 UTC] PHP Notice:  Array to string conversion in /home/forge/clientspot.co.uk/wp-content/plugins/health-check/includes/class-health-check-site-status.php on line 2014
[14-May-2021 15:04:34 UTC] PHP Notice:  Array to string conversion in /home/forge/clientspot.co.uk/wp-content/plugins/health-check/includes/class-health-check-site-status.php on line 2014
[14-May-2021 15:04:34 UTC] PHP Notice:  Array to string conversion in /home/forge/clientspot.co.uk/wp-content/plugins/health-check/includes/class-health-check-site-status.php on line 2014
[14-May-2021 15:05:05 UTC] PHP Notice:  map_meta_cap was called <strong>incorrectly</strong>. The post type shop_order is not registered, so it may not be reliable to check the capability "read_post" against a post of that type. Please see <a href="https://wordpress.org/support/article/debugging-in-wordpress/">Debugging in WordPress</a> for more information. (This message was added in version 4.4.0.) in /home/forge/clientspot.co.uk/wp-includes/functions.php on line 5313
[14-May-2021 15:05:05 UTC] PHP Notice:  map_meta_cap was called <strong>incorrectly</strong>. The post type shop_order is not registered, so it may not be reliable to check the capability "read_post" against a post of that type. Please see <a href="https://wordpress.org/support/article/debugging-in-wordpress/">Debugging in WordPress</a> for more information. (This message was added in version 4.4.0.) in /home/forge/clientspot.co.uk/wp-includes/functions.php on line 5313
[14-May-2021 15:05:05 UTC] PHP Notice:  map_meta_cap was called <strong>incorrectly</strong>. The post type shop_order is not registered, so it may not be reliable to check the capability "read_post" against a post of that type. Please see <a href="https://wordpress.org/support/article/debugging-in-wordpress/">Debugging in WordPress</a> for more information. (This message was added in version 4.4.0.) in /home/forge/clientspot.co.uk/wp-includes/functions.php on line 5313
[14-May-2021 15:05:05 UTC] PHP Notice:  map_meta_cap was called <strong>incorrectly</strong>. The post type shop_order is not registered, so it may not be reliable to check the capability "read_post" against a post of that type. Please see <a href="https://wordpress.org/support/article/debugging-in-wordpress/">Debugging in WordPress</a> for more information. (This message was added in version 4.4.0.) in /home/forge/clientspot.co.uk/wp-includes/functions.php on line 5313
[14-May-2021 15:05:05 UTC] PHP Notice:  map_meta_cap was called <strong>incorrectly</strong>. The post type shop_order is not registered, so it may not be reliable to check the capability "read_post" against a post of that type. Please see <a href="https://wordpress.org/support/article/debugging-in-wordpress/">Debugging in WordPress</a> for more information. (This message was added in version 4.4.0.) in /home/forge/clientspot.co.uk/wp-includes/functions.php on line 5313
[14-May-2021 15:05:05 UTC] PHP Notice:  map_meta_cap was called <strong>incorrectly</strong>. The post type shop_order is not registered, so it may not be reliable to check the capability "edit_post" against a post of that type. Please see <a href="https://wordpress.org/support/article/debugging-in-wordpress/">Debugging in WordPress</a> for more information. (This message was added in version 4.4.0.) in /home/forge/clientspot.co.uk/wp-includes/functions.php on line 5313
[14-May-2021 15:05:05 UTC] PHP Notice:  map_meta_cap was called <strong>incorrectly</strong>. The post type shop_order is not registered, so it may not be reliable to check the capability "edit_post" against a post of that type. Please see <a href="https://wordpress.org/support/article/debugging-in-wordpress/">Debugging in WordPress</a> for more information. (This message was added in version 4.4.0.) in /home/forge/clientspot.co.uk/wp-includes/functions.php on line 5313
[14-May-2021 15:05:05 UTC] PHP Notice:  map_meta_cap was called <strong>incorrectly</strong>. The post type shop_order is not registered, so it may not be reliable to check the capability "edit_post" against a post of that type. Please see <a href="https://wordpress.org/support/article/debugging-in-wordpress/">Debugging in WordPress</a> for more information. (This message was added in version 4.4.0.) in /home/forge/clientspot.co.uk/wp-includes/functions.php on line 5313
[14-May-2021 15:05:05 UTC] PHP Notice:  map_meta_cap was called <strong>incorrectly</strong>. The post type shop_order is not registered, so it may not be reliable to check the capability "edit_post" against a post of that type. Please see <a href="https://wordpress.org/support/article/debugging-in-wordpress/">Debugging in WordPress</a> for more information. (This message was added in version 4.4.0.) in /home/forge/clientspot.co.uk/wp-includes/functions.php on line 5313
[14-May-2021 15:05:05 UTC] PHP Notice:  map_meta_cap was called <strong>incorrectly</strong>. The post type shop_order is not registered, so it may not be reliable to check the capability "edit_post" against a post of that type. Please see <a href="https://wordpress.org/support/article/debugging-in-wordpress/">Debugging in WordPress</a> for more information. (This message was added in version 4.4.0.) in /home/forge/clientspot.co.uk/wp-includes/functions.php on line 5313
[14-May-2021 15:08:53 UTC] PHP Notice:  map_meta_cap was called <strong>incorrectly</strong>. The post type shop_order is not registered, so it may not be reliable to check the capability "read_post" against a post of that type. Please see <a href="https://wordpress.org/support/article/debugging-in-wordpress/">Debugging in WordPress</a> for more information. (This message was added in version 4.4.0.) in /home/forge/clientspot.co.uk/wp-includes/functions.php on line 5313
[14-May-2021 15:08:53 UTC] PHP Notice:  map_meta_cap was called <strong>incorrectly</strong>. The post type shop_order is not registered, so it may not be reliable to check the capability "read_post" against a post of that type. Please see <a href="https://wordpress.org/support/article/debugging-in-wordpress/">Debugging in WordPress</a> for more information. (This message was added in version 4.4.0.) in /home/forge/clientspot.co.uk/wp-includes/functions.php on line 5313
[14-May-2021 15:08:53 UTC] PHP Notice:  map_meta_cap was called <strong>incorrectly</strong>. The post type shop_order is not registered, so it may not be reliable to check the capability "read_post" against a post of that type. Please see <a href="https://wordpress.org/support/article/debugging-in-wordpress/">Debugging in WordPress</a> for more information. (This message was added in version 4.4.0.) in /home/forge/clientspot.co.uk/wp-includes/functions.php on line 5313
[14-May-2021 15:08:53 UTC] PHP Notice:  map_meta_cap was called <strong>incorrectly</strong>. The post type shop_order is not registered, so it may not be reliable to check the capability "read_post" against a post of that type. Please see <a href="https://wordpress.org/support/article/debugging-in-wordpress/">Debugging in WordPress</a> for more information. (This message was added in version 4.4.0.) in /home/forge/clientspot.co.uk/wp-includes/functions.php on line 5313
[14-May-2021 15:08:53 UTC] PHP Notice:  map_meta_cap was called <strong>incorrectly</strong>. The post type shop_order is not registered, so it may not be reliable to check the capability "read_post" against a post of that type. Please see <a href="https://wordpress.org/support/article/debugging-in-wordpress/">Debugging in WordPress</a> for more information. (This message was added in version 4.4.0.) in /home/forge/clientspot.co.uk/wp-includes/functions.php on line 5313
[14-May-2021 15:08:53 UTC] PHP Notice:  map_meta_cap was called <strong>incorrectly</strong>. The post type shop_order is not registered, so it may not be reliable to check the capability "edit_post" against a post of that type. Please see <a href="https://wordpress.org/support/article/debugging-in-wordpress/">Debugging in WordPress</a> for more information. (This message was added in version 4.4.0.) in /home/forge/clientspot.co.uk/wp-includes/functions.php on line 5313
[14-May-2021 15:08:53 UTC] PHP Notice:  map_meta_cap was called <strong>incorrectly</strong>. The post type shop_order is not registered, so it may not be reliable to check the capability "edit_post" against a post of that type. Please see <a href="https://wordpress.org/support/article/debugging-in-wordpress/">Debugging in WordPress</a> for more information. (This message was added in version 4.4.0.) in /home/forge/clientspot.co.uk/wp-includes/functions.php on line 5313
[14-May-2021 15:08:53 UTC] PHP Notice:  map_meta_cap was called <strong>incorrectly</strong>. The post type shop_order is not registered, so it may not be reliable to check the capability "edit_post" against a post of that type. Please see <a href="https://wordpress.org/support/article/debugging-in-wordpress/">Debugging in WordPress</a> for more information. (This message was added in version 4.4.0.) in /home/forge/clientspot.co.uk/wp-includes/functions.php on line 5313
[14-May-2021 15:08:53 UTC] PHP Notice:  map_meta_cap was called <strong>incorrectly</strong>. The post type shop_order is not registered, so it may not be reliable to check the capability "edit_post" against a post of that type. Please see <a href="https://wordpress.org/support/article/debugging-in-wordpress/">Debugging in WordPress</a> for more information. (This message was added in version 4.4.0.) in /home/forge/clientspot.co.uk/wp-includes/functions.php on line 5313
[14-May-2021 15:08:53 UTC] PHP Notice:  map_meta_cap was called <strong>incorrectly</strong>. The post type shop_order is not registered, so it may not be reliable to check the capability "edit_post" against a post of that type. Please see <a href="https://wordpress.org/support/article/debugging-in-wordpress/">Debugging in WordPress</a> for more information. (This message was added in version 4.4.0.) in /home/forge/clientspot.co.uk/wp-includes/functions.php on line 5313
[14-May-2021 15:23:53 UTC] wcc_server_error_response Error: The WooCommerce Shipping & Tax server returned: Unauthorized Invalid credentials ( 401 ) (fetch_service_schemas_from_connect_server)
[14-May-2021 15:23:54 UTC] wcc_server_error_response Error: The WooCommerce Shipping & Tax server returned: Unauthorized Invalid credentials ( 401 ) (fetch_service_schemas_from_connect_server)
[14-May-2021 15:23:54 UTC] wcc_server_error_response Error: The WooCommerce Shipping & Tax server returned: Unauthorized Invalid credentials ( 401 ) (fetch_service_schemas_from_connect_server)
[14-May-2021 15:23:55 UTC] wcc_server_error_response Error: The WooCommerce Shipping & Tax server returned: Unauthorized Invalid credentials ( 401 ) (fetch_service_schemas_from_connect_server)
[14-May-2021 15:23:55 UTC] wcc_server_error_response Error: The WooCommerce Shipping & Tax server returned: Unauthorized Invalid credentials ( 401 ) (fetch_service_schemas_from_connect_server)
[14-May-2021 15:23:55 UTC] wcc_server_error_response Error: The WooCommerce Shipping & Tax server returned: Unauthorized Invalid credentials ( 401 ) (fetch_service_schemas_from_connect_server)
[14-May-2021 15:23:55 UTC] wcc_server_error_response Error: The WooCommerce Shipping & Tax server returned: Unauthorized Invalid credentials ( 401 ) (fetch_service_schemas_from_connect_server)
[14-May-2021 15:23:56 UTC] wcc_server_error_response Error: The WooCommerce Shipping & Tax server returned: Unauthorized Invalid credentials ( 401 ) (fetch_service_schemas_from_connect_server)
[14-May-2021 15:23:56 UTC] wcc_server_error_response Error: The WooCommerce Shipping & Tax server returned: Unauthorized Invalid credentials ( 401 ) (fetch_service_schemas_from_connect_server)
[14-May-2021 15:23:56 UTC] wcc_server_error_response Error: The WooCommerce Shipping & Tax server returned: Unauthorized Invalid credentials ( 401 ) (fetch_service_schemas_from_connect_server)
[14-May-2021 15:23:57 UTC] wcc_server_error_response Error: The WooCommerce Shipping & Tax server returned: Unauthorized Invalid credentials ( 401 ) (fetch_service_schemas_from_connect_server)
[14-May-2021 15:23:58 UTC] wcc_server_error_response Error: The WooCommerce Shipping & Tax server returned: Unauthorized Invalid credentials ( 401 ) (fetch_service_schemas_from_connect_server)
[14-May-2021 15:23:59 UTC] wcc_server_error_response Error: The WooCommerce Shipping & Tax server returned: Unauthorized Invalid credentials ( 401 ) (fetch_service_schemas_from_connect_server)
[14-May-2021 15:24:00 UTC] wcc_server_error_response Error: The WooCommerce Shipping & Tax server returned: Unauthorized Invalid credentials ( 401 ) (fetch_service_schemas_from_connect_server)
[14-May-2021 15:24:00 UTC] wcc_server_error_response Error: The WooCommerce Shipping & Tax server returned: Unauthorized Invalid credentials ( 401 ) (fetch_service_schemas_from_connect_server)
[14-May-2021 15:24:00 UTC] wcc_server_error_response Error: The WooCommerce Shipping & Tax server returned: Unauthorized Invalid credentials ( 401 ) (fetch_service_schemas_from_connect_server)
[14-May-2021 15:24:00 UTC] wcc_server_error_response Error: The WooCommerce Shipping & Tax server returned: Unauthorized Invalid credentials ( 401 ) (fetch_service_schemas_from_connect_server)
[14-May-2021 15:24:01 UTC] Successfully loaded service schemas from server response. (fetch_service_schemas_from_connect_server)
[14-May-2021 15:24:02 UTC] Successfully loaded service schemas from server response. (fetch_service_schemas_from_connect_server)
